<?xml version="1.0" encoding="UTF-8"?>
<testsuite xmlns:xsi="http://www.w3.org/2001/XMLSchema-instance" xsi:noNamespaceSchemaLocation="https://maven.apache.org/surefire/maven-surefire-plugin/xsd/surefire-test-report.xsd" name="ru.netology.manager.ProductManagerTest" time="0.87" tests="7" errors="0" skipped="0" failures="0">
  <properties>
[...]
</properties>
  <testcase name="shouldAdd" classname="ru.netology.manager.ProductManagerTest" time="0.819"/>
  <testcase name="shouldSearchByAndReturnAllProducts" classname="ru.netology.manager.ProductManagerTest" time="0.035"/>
  <testcase name="shouldSearchByAndReturnNoProducts" classname="ru.netology.manager.ProductManagerTest" time="0.002"/>
  <testcase name="shouldSearchByAndReturnSeveralProducts" classname="ru.netology.manager.ProductManagerTest" time="0.002"/>
  <testcase name="shouldSearchByBookAuthor" classname="ru.netology.manager.ProductManagerTest" time="0.001"/>
  <testcase name="shouldSearchBySmartphoneBrand" classname="ru.netology.manager.ProductManagerTest" time="0.001"/>
  <testcase name="shouldSearchByAndReturnOneProduct" classname="ru.netology.manager.ProductManagerTest" time="0.001"/>
</testsuite>